<?xml version="1.0" encoding="UTF-8"?>
<!-- Generated by org.testng.reporters.JUnitReportReporter -->
<testsuite hostname="User-PC" failures="0" tests="1" name="TestScript.AddWorkClassTC" time="24.367" errors="0" timestamp="2021-05-04T21:44:39 IST" skipped="0">
  <testcase classname="TestScript.AddWorkClassTC" name="addWorkClass" time="24.367"/>
  <system-out>
    <![CDATA[<a href='\Wrap Portal-2\Screenshot\Add Work Class-04_05_2021_09_44_25.png'><img src='\Wrap Portal-2\Screenshot\Add Work Class-04_05_2021_09_44_25.png' height='100' width='100'/></a>]]>
  </system-out>
</testsuite> <!-- TestScript.AddWorkClassTC -->
