<?xml version="1.0" encoding="UTF-8"?>
<!-- Generated by org.testng.reporters.JUnitReportReporter -->
<testsuite hostname="User-PC" failures="0" tests="1" name="TestScript.AddUserTC" time="57.087" errors="0" timestamp="2021-05-04T21:44:39 IST" skipped="0">
  <testcase classname="TestScript.AddUserTC" name="selectUserModule" time="57.087"/>
  <system-out>
    <![CDATA[<a href='\Wrap Portal-2\Screenshot\AddUser-04_05_2021_09_42_16.png'><img src='\Wrap Portal-2\Screenshot\AddUser-04_05_2021_09_42_16.png' height='100' width='100'/></a>]]>
  </system-out>
</testsuite> <!-- TestScript.AddUserTC -->
