<?xml version="1.0" encoding="UTF-8"?>
<!-- Generated by org.testng.reporters.JUnitReportReporter -->
<testsuite hostname="User-PC" failures="0" tests="1" name="TestScript.AddTradeTC" time="18.519" errors="0" timestamp="2021-05-04T21:44:39 IST" skipped="0">
  <testcase classname="TestScript.AddTradeTC" name="addTrade" time="18.519"/>
  <system-out>
    <![CDATA[<a href='\Wrap Portal-2\Screenshot\Add Trade-04_05_2021_09_43_49.png'><img src='\Wrap Portal-2\Screenshot\Add Trade-04_05_2021_09_43_49.png' height='100' width='100'/></a>]]>
  </system-out>
</testsuite> <!-- TestScript.AddTradeTC -->
